<?xml version="1.0" encoding="utf-8"?><testsuite errors="2" failures="0" name="pytest" skips="0" tests="2" time="0.163"><testcase classname="" file="test/xqa/integration/test_shard.py" name="test.xqa.integration.test_shard" time="0"><error message="collection failure">ImportError while importing test module &apos;/home/jsears/GIT_REPOS/xqa-shard/test/xqa/integration/test_shard.py&apos;.
Hint: make sure your test modules/packages have valid Python names.
Traceback:
test/xqa/integration/test_shard.py:13: in &lt;module&gt;
    from xqa.commons import configuration
E   ModuleNotFoundError: No module named &apos;xqa&apos;</error></testcase><testcase classname="" file="test/xqa/unit/test_storage_service.py" name="test.xqa.unit.test_storage_service" time="0"><error message="collection failure">ImportError while importing test module &apos;/home/jsears/GIT_REPOS/xqa-shard/test/xqa/unit/test_storage_service.py&apos;.
Hint: make sure your test modules/packages have valid Python names.
Traceback:
test/xqa/unit/test_storage_service.py:4: in &lt;module&gt;
    from xqa.storage.storage_service import StorageService
E   ModuleNotFoundError: No module named &apos;xqa&apos;</error></testcase></testsuite>